#
# There is insufficient memory for the Java Runtime Environment to continue.
# Native memory allocation (malloc) failed to allocate 32744 bytes for ChunkPool::allocate
# Possible reasons:
#   The system is out of physical RAM or swap space
#   In 32 bit mode, the process size limit was hit
# Possible solutions:
#   Reduce memory load on the system
#   Increase physical memory or swap space
#   Check if swap backing store is full
#   Use 64 bit Java on a 64 bit OS
#   Decrease Java heap size (-Xmx/-Xms)
#   Decrease number of Java threads
#   Decrease Java thread stack sizes (-Xss)
#   Set larger code cache with -XX:ReservedCodeCacheSize=
# This output file may be truncated or incomplete.
#
#  Out of Memory Error (allocation.cpp:273), pid=9436, tid=0x00000000000026d4
#
# JRE version: Java(TM) SE Runtime Environment (8.0_181-b13) (build 1.8.0_181-b13)
# Java VM: Java HotSpot(TM) 64-Bit Server VM (25.181-b13 mixed mode windows-amd64 compressed oops)
# Failed to write core dump. Minidumps are not enabled by default on client versions of Windows
#

---------------  T H R E A D  ---------------

Current thread (0x0000000015b3c800):  JavaThread "C1 CompilerThread2" daemon [_thread_in_native, id=9940, stack(0x00000000173b0000,0x00000000174b0000)]

Stack: [0x00000000173b0000,0x00000000174b0000]
[error occurred during error reporting (printing stack bounds), id 0xc0000005]

Native frames: (J=compiled Java code, j=interpreted, Vv=VM code, C=native code)


Current CompileTask:
C1:    174  147       3       java.net.URLStreamHandler::parseURL (1193 bytes)


---------------  P R O C E S S  ---------------

Java Threads: ( => current thread )
  0x00000000175ed800 JavaThread "ReaderThread" [_thread_in_native, id=9140, stack(0x0000000017ab0000,0x0000000017bb0000)]
  0x00000000174e0800 JavaThread "Service Thread" daemon [_thread_blocked, id=9716, stack(0x00000000178b0000,0x00000000179b0000)]
=>0x0000000015b3c800 JavaThread "C1 CompilerThread2" daemon [_thread_in_native, id=9940, stack(0x00000000173b0000,0x00000000174b0000)]
  0x0000000015b36000 JavaThread "C2 CompilerThread1" daemon [_thread_blocked, id=10320, stack(0x00000000172b0000,0x00000000173b0000)]
  0x0000000015b30800 JavaThread "C2 CompilerThread0" daemon [_thread_blocked, id=10560, stack(0x00000000171b0000,0x00000000172b0000)]
  0x0000000015b2f000 JavaThread "Attach Listener" daemon [_thread_blocked, id=12160, stack(0x00000000170b0000,0x00000000171b0000)]
  0x0000000015b2d800 JavaThread "Signal Dispatcher" daemon [_thread_blocked, id=11620, stack(0x0000000016fb0000,0x00000000170b0000)]
  0x000000000350c000 JavaThread "Finalizer" daemon [_thread_blocked, id=10932, stack(0x0000000016da0000,0x0000000016ea0000)]
  0x0000000015af9000 JavaThread "Reference Handler" daemon [_thread_blocked, id=7456, stack(0x0000000016ca0000,0x0000000016da0000)]
  0x0000000003412800 JavaThread "main" [_thread_in_vm, id=10756, stack(0x0000000001d80000,0x0000000001e80000)]

Other Threads:
  0x0000000015af7800 VMThread [stack: 0x0000000016ba0000,0x0000000016ca0000] [id=9780]
  0x0000000015b8e000 WatcherThread [stack: 0x00000000179b0000,0x0000000017ab0000] [id=1308]

VM state:not at safepoint (normal execution)

VM Mutex/Monitor currently owned by a thread:  ([mutex/lock_event])
[0x0000000003411dd0] MethodData_lock - owner thread: 0x0000000003412800

Heap:
 PSYoungGen      total 18944K, used 2964K [0x00000000eb100000, 0x00000000ec600000, 0x0000000100000000)
  eden space 16384K, 18% used [0x00000000eb100000,0x00000000eb3e5298,0x00000000ec100000)
  from space 2560K, 0% used [0x00000000ec380000,0x00000000ec380000,0x00000000ec600000)
  to   space 2560K, 0% used [0x00000000ec100000,0x00000000ec100000,0x00000000ec380000)
 ParOldGen       total 44032K, used 0K [0x00000000c1200000, 0x00000000c3d00000, 0x00000000eb100000)
  object space 44032K, 0% used [0x00000000c1200000,0x00000000c1200000,0x00000000c3d00000)
 Metaspace       used 3814K, capacity 4756K, committed 4864K, reserved 1056768K
  class space    used 432K, capacity 464K, committed 512K, reserved 1048576K

Card table byte_map: [0x00000000128d0000,0x0000000012ad0000] byte_map_base: 0x00000000122c7000

Marking Bits: (ParMarkBitMap*) 0x00000000592d2d00
 Begin Bits: [0x0000000013020000, 0x0000000013fd8000)
 End Bits:   [0x0000000013fd8000, 0x0000000014f90000)

Polling page: 0x0000000001890000

CodeCache: size=245760Kb used=1360Kb max_used=1371Kb free=244399Kb
 bounds [0x0000000003510000, 0x0000000003780000, 0x0000000012510000]
 total_blobs=403 nmethods=148 adapters=168
 compilation: enabled

Compilation events (10 events):
Event: 0.168 Thread 0x0000000015b3c800  144       3       java.lang.CharacterDataLatin1::toUpperCaseEx (71 bytes)
Event: 0.168 Thread 0x0000000015b3c800 nmethod 144 0x0000000003661ed0 code [0x0000000003662040, 0x00000000036622f0]
Event: 0.168 Thread 0x0000000015b3c800  145       3       java.util.concurrent.ConcurrentHashMap::addCount (292 bytes)
Event: 0.169 Thread 0x0000000015b3c800 nmethod 145 0x0000000003662450 code [0x0000000003662660, 0x0000000003663168]
Event: 0.169 Thread 0x0000000015b3c800  148       3       java.lang.CharacterDataLatin1::toUpperCase (53 bytes)
Event: 0.170 Thread 0x0000000015b3c800 nmethod 148 0x0000000003663550 code [0x00000000036636c0, 0x00000000036639b0]
Event: 0.170 Thread 0x0000000015b3c800  146       3       sun.net.www.protocol.file.Handler::parseURL (18 bytes)
Event: 0.170 Thread 0x0000000015b3c800 nmethod 146 0x0000000003663b10 code [0x0000000003663c80, 0x0000000003663ef8]
Event: 0.170 Thread 0x0000000015b3c800  147       3       java.net.URLStreamHandler::parseURL (1193 bytes)
Event: 0.170 Thread 0x0000000015b30800  150       4       java.lang.String::startsWith (72 bytes)

GC Heap History (0 events):
No events

Deoptimization events (0 events):
No events

Classes redefined (0 events):
No events

Internal exceptions (2 events):
Event: 0.031 Thread 0x0000000003412800 Exception <a 'java/lang/NoSuchMethodError': Method sun.misc.Unsafe.defineClass(Ljava/lang/String;[BII)Ljava/lang/Class; name or signature does not match> (0x00000000eb107cb0) thrown at [C:\re\workspace\8-2-build-windows-amd64-cygwin\jdk8u181\11358\hotspot
Event: 0.031 Thread 0x0000000003412800 Exception <a 'java/lang/NoSuchMethodError': Method sun.misc.Unsafe.prefetchRead(Ljava/lang/Object;J)V name or signature does not match> (0x00000000eb107f98) thrown at [C:\re\workspace\8-2-build-windows-amd64-cygwin\jdk8u181\11358\hotspot\src\share\vm\prim

Events (10 events):
Event: 0.169 loading class cucumber/runtime/snippets/Concatenator
Event: 0.169 loading class cucumber/runtime/snippets/Concatenator done
Event: 0.169 loading class cucumber/runtime/CucumberException
Event: 0.169 loading class cucumber/runtime/CucumberException done
Event: 0.170 loading class cucumber/runtime/snippets/FunctionNameGenerator
Event: 0.170 loading class cucumber/runtime/snippets/FunctionNameGenerator done
Event: 0.170 loading class cucumber/runtime/snippets/UnderscoreConcatenator
Event: 0.170 loading class cucumber/runtime/snippets/UnderscoreConcatenator done
Event: 0.170 loading class cucumber/runtime/snippets/CamelCaseConcatenator
Event: 0.170 loading class cucumber/runtime/snippets/CamelCaseConcatenator done


Dynamic libraries:
0x00007ff683840000 - 0x00007ff683877000 	C:\Program Files\Java\jdk1.8.0_181\bin\javaw.exe
0x00007ff8ca550000 - 0x00007ff8ca731000 	C:\WINDOWS\SYSTEM32\ntdll.dll
0x00007ff8ca450000 - 0x00007ff8ca502000 	C:\WINDOWS\System32\KERNEL32.DLL
0x00007ff8c7430000 - 0x00007ff8c76a3000 	C:\WINDOWS\System32\KERNELBASE.dll
0x00007ff8c79e0000 - 0x00007ff8c7a81000 	C:\WINDOWS\System32\ADVAPI32.dll
0x00007ff8ca240000 - 0x00007ff8ca2de000 	C:\WINDOWS\System32\msvcrt.dll
0x00007ff8c9f60000 - 0x00007ff8c9fbb000 	C:\WINDOWS\System32\sechost.dll
0x00007ff8ca310000 - 0x00007ff8ca434000 	C:\WINDOWS\System32\RPCRT4.dll
0x00007ff8c98b0000 - 0x00007ff8c9a40000 	C:\WINDOWS\System32\USER32.dll
0x00007ff8c76b0000 - 0x00007ff8c76d0000 	C:\WINDOWS\System32\win32u.dll
0x00007ff8ca210000 - 0x00007ff8ca238000 	C:\WINDOWS\System32\GDI32.dll
0x00007ff8c7840000 - 0x00007ff8c79d2000 	C:\WINDOWS\System32\gdi32full.dll
0x00007ff8c76d0000 - 0x00007ff8c776f000 	C:\WINDOWS\System32\msvcp_win.dll
0x00007ff8c6b10000 - 0x00007ff8c6c0a000 	C:\WINDOWS\System32\ucrtbase.dll
0x00007ff8b3040000 - 0x00007ff8b32a9000 	C:\WINDOWS\WinSxS\amd64_microsoft.windows.common-controls_6595b64144ccf1df_6.0.17134.407_none_fb449d63306391e9\COMCTL32.dll
0x00007ff8c7b10000 - 0x00007ff8c7e32000 	C:\WINDOWS\System32\combase.dll
0x00007ff8c77c0000 - 0x00007ff8c783a000 	C:\WINDOWS\System32\bcryptPrimitives.dll
0x00007ff8ca2e0000 - 0x00007ff8ca30d000 	C:\WINDOWS\System32\IMM32.DLL
0x0000000059570000 - 0x0000000059642000 	C:\Program Files\Java\jdk1.8.0_181\jre\bin\msvcr100.dll
0x0000000058ab0000 - 0x0000000059352000 	C:\Program Files\Java\jdk1.8.0_181\jre\bin\server\jvm.dll
0x00007ff8c8130000 - 0x00007ff8c8138000 	C:\WINDOWS\System32\PSAPI.DLL
0x00007ff8c5a70000 - 0x00007ff8c5a7a000 	C:\WINDOWS\SYSTEM32\VERSION.dll
0x00007ff8c5390000 - 0x00007ff8c5399000 	C:\WINDOWS\SYSTEM32\WSOCK32.dll
0x00007ff8c9a40000 - 0x00007ff8c9aac000 	C:\WINDOWS\System32\WS2_32.dll
0x00007ff8bf800000 - 0x00007ff8bf823000 	C:\WINDOWS\SYSTEM32\WINMM.dll
0x00007ff8bf7d0000 - 0x00007ff8bf7fa000 	C:\WINDOWS\SYSTEM32\WINMMBASE.dll
0x00007ff8c7770000 - 0x00007ff8c77b9000 	C:\WINDOWS\System32\cfgmgr32.dll
0x0000000059560000 - 0x000000005956f000 	C:\Program Files\Java\jdk1.8.0_181\jre\bin\verify.dll
0x0000000059530000 - 0x0000000059559000 	C:\Program Files\Java\jdk1.8.0_181\jre\bin\java.dll
0x0000000059510000 - 0x0000000059526000 	C:\Program Files\Java\jdk1.8.0_181\jre\bin\zip.dll
0x00007ff8c8140000 - 0x00007ff8c957f000 	C:\WINDOWS\System32\SHELL32.dll
0x00007ff8c7ee0000 - 0x00007ff8c7f89000 	C:\WINDOWS\System32\shcore.dll
0x00007ff8c6d20000 - 0x00007ff8c742d000 	C:\WINDOWS\System32\windows.storage.dll
0x00007ff8c9f00000 - 0x00007ff8c9f51000 	C:\WINDOWS\System32\shlwapi.dll
0x00007ff8c6900000 - 0x00007ff8c6911000 	C:\WINDOWS\System32\kernel.appcore.dll
0x00007ff8c68e0000 - 0x00007ff8c68ff000 	C:\WINDOWS\System32\profapi.dll
0x00007ff8c6880000 - 0x00007ff8c68cc000 	C:\WINDOWS\System32\powrprof.dll
0x00007ff8c68d0000 - 0x00007ff8c68da000 	C:\WINDOWS\System32\FLTLIB.DLL
0x00000000594f0000 - 0x000000005950a000 	C:\Program Files\Java\jdk1.8.0_181\jre\bin\net.dll
0x00007ff8c6080000 - 0x00007ff8c60e6000 	C:\WINDOWS\system32\mswsock.dll

VM Arguments:
jvm_args: -ea -Dfile.encoding=UTF-8 
java_command: org.eclipse.jdt.internal.junit.runner.RemoteTestRunner -version 3 -port 55078 -testLoaderClass org.eclipse.jdt.internal.junit4.runner.JUnit4TestLoader -loaderpluginname org.eclipse.jdt.junit4.runtime -classNames Runner
java_class_path (initial): C:\Projetos Particulares\Cucumber-Java\target\test-classes;C:\Projetos Particulares\Cucumber-Java\target\classes;C:\Users\Inmetrics\.m2\repository\info\cukes\cucumber-java\1.2.5\cucumber-java-1.2.5.jar;C:\Users\Inmetrics\.m2\repository\info\cukes\cucumber-core\1.2.5\cucumber-core-1.2.5.jar;C:\Users\Inmetrics\.m2\repository\info\cukes\cucumber-html\0.2.3\cucumber-html-0.2.3.jar;C:\Users\Inmetrics\.m2\repository\info\cukes\cucumber-jvm-deps\1.0.5\cucumber-jvm-deps-1.0.5.jar;C:\Users\Inmetrics\.m2\repository\info\cukes\gherkin\2.12.2\gherkin-2.12.2.jar;C:\Users\Inmetrics\.m2\repository\info\cukes\cucumber-junit\1.2.5\cucumber-junit-1.2.5.jar;C:\Users\Inmetrics\.m2\repository\junit\junit\4.12\junit-4.12.jar;C:\Users\Inmetrics\.m2\repository\org\hamcrest\hamcrest-core\1.3\hamcrest-core-1.3.jar;C:\Tools\eclipse\configuration\org.eclipse.osgi\235\0\.cp;C:\Tools\eclipse\configuration\org.eclipse.osgi\234\0\.cp
Launcher Type: SUN_STANDARD

Environment Variables:
JAVA_HOME=C:\Program Files\Java\jdk1.8.0_181
PATH=C:/Program Files/Java/jdk1.8.0_181/bin/../jre/bin/server;C:/Program Files/Java/jdk1.8.0_181/bin/../jre/bin;C:/Program Files/Java/jdk1.8.0_181/bin/../jre/lib/amd64;C:\WINDOWS\system32;C:\WINDOWS;C:\WINDOWS\System32\Wbem;C:\WINDOWS\System32\WindowsPowerShell\v1.0\;C:\Program Files\Java\jdk1.8.0_181\bin;C:\Program Files (x86)\Skype\Phone\;C:\WINDOWS\System32\OpenSSH\;C:\ProgramData\Oracle\Java\javapath;C:\Program Files (x86)\Common Files\Oracle\Java\javapath;C:\Tools\cmder\bin;C:\Tools\cmder\vendor\git-for-windows\usr\bin;C:\Program Files\Git\cmd;C:\RailsInstaller\Git\cmd;C:\RailsInstaller\Ruby2.3.3\bin;C:\Ruby23-x64\bin;C:\Users\Inmetrics\AppData\Local\Microsoft\WindowsApps;;C:\Users\Inmetrics\AppData\Local\Programs\Microsoft VS Code\bin;C:\Tools\eclipse;
USERNAME=Inmetrics
OS=Windows_NT
PROCESSOR_IDENTIFIER=Intel64 Family 6 Model 78 Stepping 3, GenuineIntel



---------------  S Y S T E M  ---------------

OS: Windows 10.0 , 64 bit Build 17134 (10.0.17134.1)

CPU:total 4 (initial active 4) (2 cores per cpu, 2 threads per core) family 6 model 78 stepping 3, cmov, cx8, fxsr, mmx, sse, sse2, sse3, ssse3, sse4.1, sse4.2, popcnt, avx, avx2, aes, clmul, erms, 3dnowpref, lzcnt, ht, tsc, tscinvbit, bmi1, bmi2, adx

Memory: 4k page, physical 4115456k(527580k free), swap 4115456k(5128k free)

vm_info: Java HotSpot(TM) 64-Bit Server VM (25.181-b13) for windows-amd64 JRE (1.8.0_181-b13), built on Jul  7 2018 04:01:33 by "java_re" with MS VC++ 10.0 (VS2010)

time: Wed Nov 21 09:58:24 2018
elapsed time: 0 seconds (0d 0h 0m 0s)

