#
# There is insufficient memory for the Java Runtime Environment to continue.
# Native memory allocation (malloc) failed to allocate 1048576 bytes for AllocateHeap
# Possible reasons:
#   The system is out of physical RAM or swap space
#   In 32 bit mode, the process size limit was hit
# Possible solutions:
#   Reduce memory load on the system
#   Increase physical memory or swap space
#   Check if swap backing store is full
#   Use 64 bit Java on a 64 bit OS
#   Decrease Java heap size (-Xmx/-Xms)
#   Decrease number of Java threads
#   Decrease Java thread stack sizes (-Xss)
#   Set larger code cache with -XX:ReservedCodeCacheSize=
# This output file may be truncated or incomplete.
#
#  Out of Memory Error (memory/allocation.inline.hpp:61), pid=1480, tid=0x000000000000206c
#
# JRE version:  (8.0_181-b13) (build )
# Java VM: Java HotSpot(TM) 64-Bit Server VM (25.181-b13 mixed mode windows-amd64 compressed oops)
# Failed to write core dump. Minidumps are not enabled by default on client versions of Windows
#

---------------  T H R E A D  ---------------

Current thread (0x00000000015d2800):  JavaThread "Unknown thread" [_thread_in_vm, id=8300, stack(0x00000000014c0000,0x00000000015c0000)]

Stack: [0x00000000014c0000,0x00000000015c0000]
[error occurred during error reporting (printing stack bounds), id 0xc0000005]

Native frames: (J=compiled Java code, j=interpreted, Vv=VM code, C=native code)


---------------  P R O C E S S  ---------------

Java Threads: ( => current thread )

Other Threads:

=>0x00000000015d2800 (exited) JavaThread "Unknown thread" [_thread_in_vm, id=8300, stack(0x00000000014c0000,0x00000000015c0000)]

VM state:not at safepoint (normal execution)

VM Mutex/Monitor currently owned by a thread: None

Heap:
 PSYoungGen      total 18944K, used 327K [0x00000000eb100000, 0x00000000ec600000, 0x0000000100000000)
  eden space 16384K, 2% used [0x00000000eb100000,0x00000000eb151ec8,0x00000000ec100000)
  from space 2560K, 0% used [0x00000000ec380000,0x00000000ec380000,0x00000000ec600000)
  to   space 2560K, 0% used [0x00000000ec100000,0x00000000ec100000,0x00000000ec380000)
 ParOldGen       total 44032K, used 0K [0x00000000c1200000, 0x00000000c3d00000, 0x00000000eb100000)
  object space 44032K, 0% used [0x00000000c1200000,0x00000000c1200000,0x00000000c3d00000)
 Metaspace       used 775K, capacity 4480K, committed 4480K, reserved 1056768K
  class space    used 76K, capacity 384K, committed 384K, reserved 1048576K

Card table byte_map: [0x0000000001aa0000,0x0000000001ca0000] byte_map_base: 0x0000000001497000

Marking Bits: (ParMarkBitMap*) 0x00000000592d2d00
 Begin Bits: [0x0000000012710000, 0x00000000136c8000)
 End Bits:   [0x00000000136c8000, 0x0000000014680000)

Polling page: 0x00000000007f0000

CodeCache: size=245760Kb used=328Kb max_used=328Kb free=245431Kb
 bounds [0x0000000003410000, 0x0000000003680000, 0x0000000012410000]
 total_blobs=58 nmethods=0 adapters=38
 compilation: enabled

Compilation events (0 events):
No events

GC Heap History (0 events):
No events

Deoptimization events (0 events):
No events

Classes redefined (0 events):
No events

Internal exceptions (0 events):
No events

Events (10 events):
Event: 0.035 loading class java/lang/Short
Event: 0.035 loading class java/lang/Short done
Event: 0.035 loading class java/lang/Integer
Event: 0.035 loading class java/lang/Integer done
Event: 0.035 loading class java/lang/Long
Event: 0.035 loading class java/lang/Long done
Event: 0.036 loading class java/lang/NullPointerException
Event: 0.036 loading class java/lang/NullPointerException done
Event: 0.036 loading class java/lang/ArithmeticException
Event: 0.036 loading class java/lang/ArithmeticException done


Dynamic libraries:
0x00007ff62ab90000 - 0x00007ff62abc7000 	C:\Program Files\Java\jdk1.8.0_181\bin\javaw.exe
0x00007ff8ca550000 - 0x00007ff8ca731000 	C:\WINDOWS\SYSTEM32\ntdll.dll
0x00007ff8ca450000 - 0x00007ff8ca502000 	C:\WINDOWS\System32\KERNEL32.DLL
0x00007ff8c7430000 - 0x00007ff8c76a3000 	C:\WINDOWS\System32\KERNELBASE.dll
0x00007ff8c79e0000 - 0x00007ff8c7a81000 	C:\WINDOWS\System32\ADVAPI32.dll
0x00007ff8ca240000 - 0x00007ff8ca2de000 	C:\WINDOWS\System32\msvcrt.dll
0x00007ff8c9f60000 - 0x00007ff8c9fbb000 	C:\WINDOWS\System32\sechost.dll
0x00007ff8ca310000 - 0x00007ff8ca434000 	C:\WINDOWS\System32\RPCRT4.dll
0x00007ff8c98b0000 - 0x00007ff8c9a40000 	C:\WINDOWS\System32\USER32.dll
0x00007ff8c76b0000 - 0x00007ff8c76d0000 	C:\WINDOWS\System32\win32u.dll
0x00007ff8ca210000 - 0x00007ff8ca238000 	C:\WINDOWS\System32\GDI32.dll
0x00007ff8c7840000 - 0x00007ff8c79d2000 	C:\WINDOWS\System32\gdi32full.dll
0x00007ff8c76d0000 - 0x00007ff8c776f000 	C:\WINDOWS\System32\msvcp_win.dll
0x00007ff8c6b10000 - 0x00007ff8c6c0a000 	C:\WINDOWS\System32\ucrtbase.dll
0x00007ff8b3040000 - 0x00007ff8b32a9000 	C:\WINDOWS\WinSxS\amd64_microsoft.windows.common-controls_6595b64144ccf1df_6.0.17134.407_none_fb449d63306391e9\COMCTL32.dll
0x00007ff8c7b10000 - 0x00007ff8c7e32000 	C:\WINDOWS\System32\combase.dll
0x00007ff8c77c0000 - 0x00007ff8c783a000 	C:\WINDOWS\System32\bcryptPrimitives.dll
0x00007ff8ca2e0000 - 0x00007ff8ca30d000 	C:\WINDOWS\System32\IMM32.DLL
0x0000000059570000 - 0x0000000059642000 	C:\Program Files\Java\jdk1.8.0_181\jre\bin\msvcr100.dll
0x0000000058ab0000 - 0x0000000059352000 	C:\Program Files\Java\jdk1.8.0_181\jre\bin\server\jvm.dll
0x00007ff8c8130000 - 0x00007ff8c8138000 	C:\WINDOWS\System32\PSAPI.DLL
0x00007ff8c5a70000 - 0x00007ff8c5a7a000 	C:\WINDOWS\SYSTEM32\VERSION.dll
0x00007ff8bf800000 - 0x00007ff8bf823000 	C:\WINDOWS\SYSTEM32\WINMM.dll
0x00007ff8c5390000 - 0x00007ff8c5399000 	C:\WINDOWS\SYSTEM32\WSOCK32.dll
0x00007ff8c9a40000 - 0x00007ff8c9aac000 	C:\WINDOWS\System32\WS2_32.dll
0x00007ff8bf7d0000 - 0x00007ff8bf7fa000 	C:\WINDOWS\SYSTEM32\winmmbase.dll
0x00007ff8c7770000 - 0x00007ff8c77b9000 	C:\WINDOWS\System32\cfgmgr32.dll
0x0000000059560000 - 0x000000005956f000 	C:\Program Files\Java\jdk1.8.0_181\jre\bin\verify.dll
0x0000000059530000 - 0x0000000059559000 	C:\Program Files\Java\jdk1.8.0_181\jre\bin\java.dll
0x0000000059510000 - 0x0000000059526000 	C:\Program Files\Java\jdk1.8.0_181\jre\bin\zip.dll

VM Arguments:
jvm_args: -ea -Dfile.encoding=UTF-8 
java_command: org.eclipse.jdt.internal.junit.runner.RemoteTestRunner -version 3 -port 54390 -testLoaderClass org.eclipse.jdt.internal.junit4.runner.JUnit4TestLoader -loaderpluginname org.eclipse.jdt.junit4.runtime -classNames Runner
java_class_path (initial): C:\Projetos Particulares\Cucumber-Java\target\test-classes;C:\Projetos Particulares\Cucumber-Java\target\classes;C:\Users\Inmetrics\.m2\repository\info\cukes\cucumber-java\1.2.5\cucumber-java-1.2.5.jar;C:\Users\Inmetrics\.m2\repository\info\cukes\cucumber-core\1.2.5\cucumber-core-1.2.5.jar;C:\Users\Inmetrics\.m2\repository\info\cukes\cucumber-html\0.2.3\cucumber-html-0.2.3.jar;C:\Users\Inmetrics\.m2\repository\info\cukes\cucumber-jvm-deps\1.0.5\cucumber-jvm-deps-1.0.5.jar;C:\Users\Inmetrics\.m2\repository\info\cukes\gherkin\2.12.2\gherkin-2.12.2.jar;C:\Users\Inmetrics\.m2\repository\info\cukes\cucumber-junit\1.2.5\cucumber-junit-1.2.5.jar;C:\Users\Inmetrics\.m2\repository\junit\junit\4.12\junit-4.12.jar;C:\Users\Inmetrics\.m2\repository\org\hamcrest\hamcrest-core\1.3\hamcrest-core-1.3.jar;C:\Tools\eclipse\configuration\org.eclipse.osgi\235\0\.cp;C:\Tools\eclipse\configuration\org.eclipse.osgi\234\0\.cp
Launcher Type: SUN_STANDARD

Environment Variables:
JAVA_HOME=C:\Program Files\Java\jdk1.8.0_181
PATH=C:/Program Files/Java/jdk1.8.0_181/bin/../jre/bin/server;C:/Program Files/Java/jdk1.8.0_181/bin/../jre/bin;C:/Program Files/Java/jdk1.8.0_181/bin/../jre/lib/amd64;C:\WINDOWS\system32;C:\WINDOWS;C:\WINDOWS\System32\Wbem;C:\WINDOWS\System32\WindowsPowerShell\v1.0\;C:\Program Files\Java\jdk1.8.0_181\bin;C:\Program Files (x86)\Skype\Phone\;C:\WINDOWS\System32\OpenSSH\;C:\ProgramData\Oracle\Java\javapath;C:\Program Files (x86)\Common Files\Oracle\Java\javapath;C:\Tools\cmder\bin;C:\Tools\cmder\vendor\git-for-windows\usr\bin;C:\Program Files\Git\cmd;C:\RailsInstaller\Git\cmd;C:\RailsInstaller\Ruby2.3.3\bin;C:\Ruby23-x64\bin;C:\Users\Inmetrics\AppData\Local\Microsoft\WindowsApps;;C:\Users\Inmetrics\AppData\Local\Programs\Microsoft VS Code\bin;C:\Tools\eclipse;
USERNAME=Inmetrics
OS=Windows_NT
PROCESSOR_IDENTIFIER=Intel64 Family 6 Model 78 Stepping 3, GenuineIntel



---------------  S Y S T E M  ---------------

OS: Windows 10.0 , 64 bit Build 17134 (10.0.17134.1)

CPU:total 4 (initial active 4) (2 cores per cpu, 2 threads per core) family 6 model 78 stepping 3, cmov, cx8, fxsr, mmx, sse, sse2, sse3, ssse3, sse4.1, sse4.2, popcnt, avx, avx2, aes, clmul, erms, 3dnowpref, lzcnt, ht, tsc, tscinvbit, bmi1, bmi2, adx

Memory: 4k page, physical 4115456k(514984k free), swap 4115456k(5132k free)

vm_info: Java HotSpot(TM) 64-Bit Server VM (25.181-b13) for windows-amd64 JRE (1.8.0_181-b13), built on Jul  7 2018 04:01:33 by "java_re" with MS VC++ 10.0 (VS2010)

time: Wed Nov 21 09:05:13 2018
elapsed time: 0 seconds (0d 0h 0m 0s)

