#
# There is insufficient memory for the Java Runtime Environment to continue.
# Native memory allocation (malloc) failed to allocate 346096 bytes for Chunk::new
# Possible reasons:
#   The system is out of physical RAM or swap space
#   In 32 bit mode, the process size limit was hit
# Possible solutions:
#   Reduce memory load on the system
#   Increase physical memory or swap space
#   Check if swap backing store is full
#   Use 64 bit Java on a 64 bit OS
#   Decrease Java heap size (-Xmx/-Xms)
#   Decrease number of Java threads
#   Decrease Java thread stack sizes (-Xss)
#   Set larger code cache with -XX:ReservedCodeCacheSize=
# This output file may be truncated or incomplete.
#
#  Out of Memory Error (allocation.cpp:390), pid=2200, tid=0x000000000000105c
#
# JRE version: Java(TM) SE Runtime Environment (8.0_181-b13) (build 1.8.0_181-b13)
# Java VM: Java HotSpot(TM) 64-Bit Server VM (25.181-b13 mixed mode windows-amd64 compressed oops)
# Failed to write core dump. Minidumps are not enabled by default on client versions of Windows
#

---------------  T H R E A D  ---------------

Current thread (0x0000000015a4b800):  JavaThread "C2 CompilerThread0" daemon [_thread_in_native, id=4188, stack(0x00000000170c0000,0x00000000171c0000)]

Stack: [0x00000000170c0000,0x00000000171c0000]
[error occurred during error reporting (printing stack bounds), id 0xc0000005]

Native frames: (J=compiled Java code, j=interpreted, Vv=VM code, C=native code)


Current CompileTask:
C2:    573  407   !   4       sun.misc.URLClassPath$JarLoader::getResource (85 bytes)


---------------  P R O C E S S  ---------------

Java Threads: ( => current thread )
  0x0000000017504800 JavaThread "ReaderThread" [_thread_in_native, id=6496, stack(0x00000000179c0000,0x0000000017ac0000)]
  0x0000000015aae000 JavaThread "Service Thread" daemon [_thread_blocked, id=11200, stack(0x00000000177c0000,0x00000000178c0000)]
  0x0000000015a56800 JavaThread "C1 CompilerThread2" daemon [_thread_blocked, id=4636, stack(0x00000000172c0000,0x00000000173c0000)]
  0x0000000015a51800 JavaThread "C2 CompilerThread1" daemon [_thread_in_native, id=8668, stack(0x00000000171c0000,0x00000000172c0000)]
=>0x0000000015a4b800 JavaThread "C2 CompilerThread0" daemon [_thread_in_native, id=4188, stack(0x00000000170c0000,0x00000000171c0000)]
  0x0000000015a5a000 JavaThread "Attach Listener" daemon [_thread_blocked, id=10512, stack(0x0000000016fc0000,0x00000000170c0000)]
  0x0000000015a58800 JavaThread "Signal Dispatcher" daemon [_thread_blocked, id=4296, stack(0x0000000016ec0000,0x0000000016fc0000)]
  0x0000000001fac800 JavaThread "Finalizer" daemon [_thread_blocked, id=9764, stack(0x0000000016cb0000,0x0000000016db0000)]
  0x0000000015a19000 JavaThread "Reference Handler" daemon [_thread_blocked, id=3016, stack(0x0000000016bb0000,0x0000000016cb0000)]
  0x0000000001eb2800 JavaThread "main" [_thread_in_native, id=8916, stack(0x0000000001d70000,0x0000000001e70000)]

Other Threads:
  0x0000000015a17800 VMThread [stack: 0x0000000016ab0000,0x0000000016bb0000] [id=4648]
  0x000000001740d800 WatcherThread [stack: 0x00000000178c0000,0x00000000179c0000] [id=3212]

VM state:not at safepoint (normal execution)

VM Mutex/Monitor currently owned by a thread: None

Heap:
 PSYoungGen      total 18944K, used 3691K [0x00000000eb100000, 0x00000000ec600000, 0x0000000100000000)
  eden space 16384K, 6% used [0x00000000eb100000,0x00000000eb21b758,0x00000000ec100000)
  from space 2560K, 99% used [0x00000000ec100000,0x00000000ec37f7d8,0x00000000ec380000)
  to   space 2560K, 0% used [0x00000000ec380000,0x00000000ec380000,0x00000000ec600000)
 ParOldGen       total 44032K, used 232K [0x00000000c1200000, 0x00000000c3d00000, 0x00000000eb100000)
  object space 44032K, 0% used [0x00000000c1200000,0x00000000c123a000,0x00000000c3d00000)
 Metaspace       used 6472K, capacity 6646K, committed 6912K, reserved 1056768K
  class space    used 941K, capacity 981K, committed 1024K, reserved 1048576K

Card table byte_map: [0x00000000127d0000,0x00000000129d0000] byte_map_base: 0x00000000121c7000

Marking Bits: (ParMarkBitMap*) 0x00000000592d2d00
 Begin Bits: [0x0000000012f20000, 0x0000000013ed8000)
 End Bits:   [0x0000000013ed8000, 0x0000000014e90000)

Polling page: 0x0000000001e70000

CodeCache: size=245760Kb used=2340Kb max_used=2340Kb free=243419Kb
 bounds [0x0000000003410000, 0x0000000003680000, 0x0000000012410000]
 total_blobs=745 nmethods=475 adapters=183
 compilation: enabled

Compilation events (10 events):
Event: 0.427 Thread 0x0000000015a56800  428       3       sun.misc.URLClassPath$JarLoader$2::getInputStream (15 bytes)
Event: 0.427 Thread 0x0000000015a56800 nmethod 428 0x000000000363cd90 code [0x000000000363cf00, 0x000000000363d128]
Event: 0.427 Thread 0x0000000015a56800  429       3       sun.misc.URLClassPath$JarLoader$2::getContentLength (9 bytes)
Event: 0.427 Thread 0x0000000015a56800 nmethod 429 0x000000000363d210 code [0x000000000363d380, 0x000000000363d5b0]
Event: 0.427 Thread 0x0000000015a56800  430       3       sun.misc.URLClassPath$JarLoader$2::getCodeSigners (8 bytes)
Event: 0.427 Thread 0x0000000015a56800 nmethod 430 0x000000000363d690 code [0x000000000363d800, 0x000000000363da28]
Event: 0.427 Thread 0x0000000015a56800  431   !   3       java.util.jar.JarFile$JarFileEntry::getCodeSigners (78 bytes)
Event: 0.428 Thread 0x0000000015a56800 nmethod 431 0x000000000363dad0 code [0x000000000363dca0, 0x000000000363e298]
Event: 0.428 Thread 0x0000000015a56800  432       3       java.util.jar.JarFile::access$200 (5 bytes)
Event: 0.428 Thread 0x0000000015a56800 nmethod 432 0x000000000363e510 code [0x000000000363e680, 0x000000000363e7e8]

GC Heap History (0 events):
No events

Deoptimization events (4 events):
Event: 0.230 Thread 0x0000000001eb2800 Uncommon trap: reason=unstable_if action=reinterpret pc=0x000000000357b244 method=java.lang.String.indexOf([CII[CIII)I @ 123
Event: 0.230 Thread 0x0000000001eb2800 Uncommon trap: reason=unstable_if action=reinterpret pc=0x0000000003555f7c method=java.lang.String.indexOf([CII[CIII)I @ 123
Event: 0.362 Thread 0x0000000001eb2800 Uncommon trap: reason=unstable_if action=reinterpret pc=0x00000000035f3eec method=sun.net.www.ParseUtil.encodePath(Ljava/lang/String;Z)Ljava/lang/String; @ 81
Event: 0.362 Thread 0x0000000001eb2800 Uncommon trap: reason=unstable_if action=reinterpret pc=0x00000000035a4ad8 method=sun.nio.cs.UTF_8$Encoder.encode([CII[B)I @ 33

Classes redefined (0 events):
No events

Internal exceptions (6 events):
Event: 0.040 Thread 0x0000000001eb2800 Exception <a 'java/lang/NoSuchMethodError': Method sun.misc.Unsafe.defineClass(Ljava/lang/String;[BII)Ljava/lang/Class; name or signature does not match> (0x00000000eb107cb0) thrown at [C:\re\workspace\8-2-build-windows-amd64-cygwin\jdk8u181\11358\hotspot
Event: 0.040 Thread 0x0000000001eb2800 Exception <a 'java/lang/NoSuchMethodError': Method sun.misc.Unsafe.prefetchRead(Ljava/lang/Object;J)V name or signature does not match> (0x00000000eb107f98) thrown at [C:\re\workspace\8-2-build-windows-amd64-cygwin\jdk8u181\11358\hotspot\src\share\vm\prim
Event: 0.233 Thread 0x0000000001eb2800 Exception <a 'java/security/PrivilegedActionException'> (0x00000000eb500080) thrown at [C:\re\workspace\8-2-build-windows-amd64-cygwin\jdk8u181\11358\hotspot\src\share\vm\prims\jvm.cpp, line 1435]
Event: 0.233 Thread 0x0000000001eb2800 Exception <a 'java/security/PrivilegedActionException'> (0x00000000eb500478) thrown at [C:\re\workspace\8-2-build-windows-amd64-cygwin\jdk8u181\11358\hotspot\src\share\vm\prims\jvm.cpp, line 1435]
Event: 0.234 Thread 0x0000000001eb2800 Exception <a 'java/security/PrivilegedActionException'> (0x00000000eb504758) thrown at [C:\re\workspace\8-2-build-windows-amd64-cygwin\jdk8u181\11358\hotspot\src\share\vm\prims\jvm.cpp, line 1435]
Event: 0.234 Thread 0x0000000001eb2800 Exception <a 'java/security/PrivilegedActionException'> (0x00000000eb504b50) thrown at [C:\re\workspace\8-2-build-windows-amd64-cygwin\jdk8u181\11358\hotspot\src\share\vm\prims\jvm.cpp, line 1435]

Events (10 events):
Event: 0.431 loading class cucumber/api/java/uz/Унда
Event: 0.431 loading class cucumber/api/java/uz/Унда done
Event: 0.431 loading class cucumber/api/java/vi/Cho
Event: 0.431 loading class cucumber/api/java/vi/Cho done
Event: 0.432 loading class cucumber/api/java/vi/Nhưng
Event: 0.432 loading class cucumber/api/java/vi/Nhưng done
Event: 0.432 loading class cucumber/api/java/vi/Và
Event: 0.432 loading class cucumber/api/java/vi/Và done
Event: 0.432 loading class cucumber/api/java/zh_cn/假如
Event: 0.432 loading class cucumber/api/java/zh_cn/假如 done


Dynamic libraries:
0x00007ff683840000 - 0x00007ff683877000 	C:\Program Files\Java\jdk1.8.0_181\bin\javaw.exe
0x00007ff8ca550000 - 0x00007ff8ca731000 	C:\WINDOWS\SYSTEM32\ntdll.dll
0x00007ff8ca450000 - 0x00007ff8ca502000 	C:\WINDOWS\System32\KERNEL32.DLL
0x00007ff8c7430000 - 0x00007ff8c76a3000 	C:\WINDOWS\System32\KERNELBASE.dll
0x00007ff8c79e0000 - 0x00007ff8c7a81000 	C:\WINDOWS\System32\ADVAPI32.dll
0x00007ff8ca240000 - 0x00007ff8ca2de000 	C:\WINDOWS\System32\msvcrt.dll
0x00007ff8c9f60000 - 0x00007ff8c9fbb000 	C:\WINDOWS\System32\sechost.dll
0x00007ff8ca310000 - 0x00007ff8ca434000 	C:\WINDOWS\System32\RPCRT4.dll
0x00007ff8c98b0000 - 0x00007ff8c9a40000 	C:\WINDOWS\System32\USER32.dll
0x00007ff8c76b0000 - 0x00007ff8c76d0000 	C:\WINDOWS\System32\win32u.dll
0x00007ff8ca210000 - 0x00007ff8ca238000 	C:\WINDOWS\System32\GDI32.dll
0x00007ff8c7840000 - 0x00007ff8c79d2000 	C:\WINDOWS\System32\gdi32full.dll
0x00007ff8c76d0000 - 0x00007ff8c776f000 	C:\WINDOWS\System32\msvcp_win.dll
0x00007ff8c6b10000 - 0x00007ff8c6c0a000 	C:\WINDOWS\System32\ucrtbase.dll
0x00007ff8b3040000 - 0x00007ff8b32a9000 	C:\WINDOWS\WinSxS\amd64_microsoft.windows.common-controls_6595b64144ccf1df_6.0.17134.407_none_fb449d63306391e9\COMCTL32.dll
0x00007ff8c7b10000 - 0x00007ff8c7e32000 	C:\WINDOWS\System32\combase.dll
0x00007ff8c77c0000 - 0x00007ff8c783a000 	C:\WINDOWS\System32\bcryptPrimitives.dll
0x00007ff8ca2e0000 - 0x00007ff8ca30d000 	C:\WINDOWS\System32\IMM32.DLL
0x0000000059570000 - 0x0000000059642000 	C:\Program Files\Java\jdk1.8.0_181\jre\bin\msvcr100.dll
0x0000000058ab0000 - 0x0000000059352000 	C:\Program Files\Java\jdk1.8.0_181\jre\bin\server\jvm.dll
0x00007ff8c8130000 - 0x00007ff8c8138000 	C:\WINDOWS\System32\PSAPI.DLL
0x00007ff8bf800000 - 0x00007ff8bf823000 	C:\WINDOWS\SYSTEM32\WINMM.dll
0x00007ff8c5a70000 - 0x00007ff8c5a7a000 	C:\WINDOWS\SYSTEM32\VERSION.dll
0x00007ff8c5390000 - 0x00007ff8c5399000 	C:\WINDOWS\SYSTEM32\WSOCK32.dll
0x00007ff8c9a40000 - 0x00007ff8c9aac000 	C:\WINDOWS\System32\WS2_32.dll
0x00007ff8bf7d0000 - 0x00007ff8bf7fa000 	C:\WINDOWS\SYSTEM32\WINMMBASE.dll
0x00007ff8c7770000 - 0x00007ff8c77b9000 	C:\WINDOWS\System32\cfgmgr32.dll
0x0000000059560000 - 0x000000005956f000 	C:\Program Files\Java\jdk1.8.0_181\jre\bin\verify.dll
0x0000000059530000 - 0x0000000059559000 	C:\Program Files\Java\jdk1.8.0_181\jre\bin\java.dll
0x0000000059510000 - 0x0000000059526000 	C:\Program Files\Java\jdk1.8.0_181\jre\bin\zip.dll
0x00007ff8c8140000 - 0x00007ff8c957f000 	C:\WINDOWS\System32\SHELL32.dll
0x00007ff8c7ee0000 - 0x00007ff8c7f89000 	C:\WINDOWS\System32\shcore.dll
0x00007ff8c6d20000 - 0x00007ff8c742d000 	C:\WINDOWS\System32\windows.storage.dll
0x00007ff8c9f00000 - 0x00007ff8c9f51000 	C:\WINDOWS\System32\shlwapi.dll
0x00007ff8c6900000 - 0x00007ff8c6911000 	C:\WINDOWS\System32\kernel.appcore.dll
0x00007ff8c68e0000 - 0x00007ff8c68ff000 	C:\WINDOWS\System32\profapi.dll
0x00007ff8c6880000 - 0x00007ff8c68cc000 	C:\WINDOWS\System32\powrprof.dll
0x00007ff8c68d0000 - 0x00007ff8c68da000 	C:\WINDOWS\System32\FLTLIB.DLL
0x00000000594f0000 - 0x000000005950a000 	C:\Program Files\Java\jdk1.8.0_181\jre\bin\net.dll
0x00007ff8c6080000 - 0x00007ff8c60e6000 	C:\WINDOWS\system32\mswsock.dll

VM Arguments:
jvm_args: -ea -Dfile.encoding=UTF-8 
java_command: org.eclipse.jdt.internal.junit.runner.RemoteTestRunner -version 3 -port 55054 -testLoaderClass org.eclipse.jdt.internal.junit4.runner.JUnit4TestLoader -loaderpluginname org.eclipse.jdt.junit4.runtime -classNames Runner
java_class_path (initial): C:\Projetos Particulares\Cucumber-Java\target\test-classes;C:\Projetos Particulares\Cucumber-Java\target\classes;C:\Users\Inmetrics\.m2\repository\info\cukes\cucumber-java\1.2.5\cucumber-java-1.2.5.jar;C:\Users\Inmetrics\.m2\repository\info\cukes\cucumber-core\1.2.5\cucumber-core-1.2.5.jar;C:\Users\Inmetrics\.m2\repository\info\cukes\cucumber-html\0.2.3\cucumber-html-0.2.3.jar;C:\Users\Inmetrics\.m2\repository\info\cukes\cucumber-jvm-deps\1.0.5\cucumber-jvm-deps-1.0.5.jar;C:\Users\Inmetrics\.m2\repository\info\cukes\gherkin\2.12.2\gherkin-2.12.2.jar;C:\Users\Inmetrics\.m2\repository\info\cukes\cucumber-junit\1.2.5\cucumber-junit-1.2.5.jar;C:\Users\Inmetrics\.m2\repository\junit\junit\4.12\junit-4.12.jar;C:\Users\Inmetrics\.m2\repository\org\hamcrest\hamcrest-core\1.3\hamcrest-core-1.3.jar;C:\Tools\eclipse\configuration\org.eclipse.osgi\235\0\.cp;C:\Tools\eclipse\configuration\org.eclipse.osgi\234\0\.cp
Launcher Type: SUN_STANDARD

Environment Variables:
JAVA_HOME=C:\Program Files\Java\jdk1.8.0_181
PATH=C:/Program Files/Java/jdk1.8.0_181/bin/../jre/bin/server;C:/Program Files/Java/jdk1.8.0_181/bin/../jre/bin;C:/Program Files/Java/jdk1.8.0_181/bin/../jre/lib/amd64;C:\WINDOWS\system32;C:\WINDOWS;C:\WINDOWS\System32\Wbem;C:\WINDOWS\System32\WindowsPowerShell\v1.0\;C:\Program Files\Java\jdk1.8.0_181\bin;C:\Program Files (x86)\Skype\Phone\;C:\WINDOWS\System32\OpenSSH\;C:\ProgramData\Oracle\Java\javapath;C:\Program Files (x86)\Common Files\Oracle\Java\javapath;C:\Tools\cmder\bin;C:\Tools\cmder\vendor\git-for-windows\usr\bin;C:\Program Files\Git\cmd;C:\RailsInstaller\Git\cmd;C:\RailsInstaller\Ruby2.3.3\bin;C:\Ruby23-x64\bin;C:\Users\Inmetrics\AppData\Local\Microsoft\WindowsApps;;C:\Users\Inmetrics\AppData\Local\Programs\Microsoft VS Code\bin;C:\Tools\eclipse;
USERNAME=Inmetrics
OS=Windows_NT
PROCESSOR_IDENTIFIER=Intel64 Family 6 Model 78 Stepping 3, GenuineIntel



---------------  S Y S T E M  ---------------

OS: Windows 10.0 , 64 bit Build 17134 (10.0.17134.1)

CPU:total 4 (initial active 4) (2 cores per cpu, 2 threads per core) family 6 model 78 stepping 3, cmov, cx8, fxsr, mmx, sse, sse2, sse3, ssse3, sse4.1, sse4.2, popcnt, avx, avx2, aes, clmul, erms, 3dnowpref, lzcnt, ht, tsc, tscinvbit, bmi1, bmi2, adx

Memory: 4k page, physical 4115456k(520404k free), swap 4115456k(2004k free)

vm_info: Java HotSpot(TM) 64-Bit Server VM (25.181-b13) for windows-amd64 JRE (1.8.0_181-b13), built on Jul  7 2018 04:01:33 by "java_re" with MS VC++ 10.0 (VS2010)

time: Wed Nov 21 09:57:03 2018
elapsed time: 0 seconds (0d 0h 0m 0s)

